[2021-02-22T16:58:03.100104+00:00] my_logger.INFO: My logger is now ready [] []
[2021-02-22T16:58:04.263607+00:00] my_logger.INFO: My logger is now ready [] []
[2021-02-22T16:58:32.508272+00:00] my_logger.INFO: My logger is now ready [] []
[2021-02-22T16:58:48.782784+00:00] my_logger.INFO: My logger is now ready [] []
[2021-02-22T17:21:59.047943+00:00] my_logger.INFO: My logger is now ready [] []
[2021-02-22T17:22:04.824190+00:00] my_logger.INFO: My logger is now ready [] []
[2021-02-22T17:22:26.693220+00:00] my_logger.INFO: My logger is now ready [] []
[2021-02-22T17:22:49.979612+00:00] my_logger.INFO: My logger is now ready [] []
[2021-02-22T17:23:47.372539+00:00] my_logger.INFO: My logger is now ready [] []
[2021-02-22T17:24:05.794279+00:00] my_logger.INFO: My logger is now ready [] []
[2021-02-22T17:24:39.922471+00:00] my_logger.INFO: My logger is now ready [] [][2021-02-23T04:46:57.862372+00:00] my_logger.INFO: Tout va bien [] []
[2021-02-23T04:48:02.421249+00:00] create_article.INFO: Tout va bien [] []
[2021-02-23T04:48:19.696649+00:00] create_article.ERROR: Aucune données envoyées [] []
[2021-02-23T04:48:19.701342+00:00] create_article.CRITICAL: Erreur [] []
[2021-02-23T04:49:39.023499+00:00] create_article.ERROR: Aucune données envoyées [] []
[2021-02-23T04:50:09.259196+00:00] create_article.INFO: Tout va bien [] []
[2021-02-23T04:50:09.262993+00:00] create_article.ERROR: Aucune images envoyées [] []
[2021-02-23T05:05:33.601089+00:00] update_article.ERROR: Une erreur est survenue lors de la modificaiton [] []
[2021-02-23T05:06:14.950107+00:00] update_article.INFO: Modification effectuée [] []
[2021-02-23T05:23:38.203688+00:00] delete_user.ERROR: Echec de la suppression [] []
[2021-02-23T05:23:44.750258+00:00] create_user.ERROR: Erreur lors de l'enregistrement de l'utilisateur [] []
[2021-02-23T05:24:02.663770+00:00] create_user.INFO: Utilisateur bien enregistré [] []
[2021-02-23T05:24:05.639473+00:00] delete_user.ERROR: Echec de la suppression [] []
[2021-02-23T05:24:07.353060+00:00] delete_user.ERROR: Echec de la suppression [] []
[2021-02-23T05:25:33.579595+00:00] delete_user.ERROR: Echec de la suppression [] []
[2021-02-23T05:25:39.757280+00:00] delete_user.ERROR: Echec de la suppression [] []
[2021-02-23T05:25:41.793732+00:00] delete_user.ERROR: Echec de la suppression [] []
[2021-02-23T05:25:44.140094+00:00] delete_user.ERROR: Echec de la suppression [] []
[2021-02-23T05:25:45.796801+00:00] delete_user.ERROR: Echec de la suppression [] []
[2021-02-23T05:25:49.100929+00:00] delete_user.ERROR: Echec de la suppression [] []
[2021-02-23T05:25:50.866687+00:00] delete_user.ERROR: Echec de la suppression [] []
[2021-02-23T05:25:54.465994+00:00] delete_user.ERROR: Echec de la suppression [] []
[2021-02-23T05:25:59.086953+00:00] delete_user.ERROR: Echec de la suppression [] []
[2021-02-23T05:26:06.425726+00:00] delete_user.ERROR: Echec de la suppression [] []
[2021-02-23T05:26:06.916602+00:00] delete_user.ERROR: Echec de la suppression [] []
[2021-02-23T05:26:08.434696+00:00] delete_user.ERROR: Echec de la suppression [] []
[2021-02-23T05:26:11.168284+00:00] delete_user.ERROR: Echec de la suppression [] []
[2021-02-23T05:26:12.256163+00:00] delete_user.ERROR: Echec de la suppression [] []
[2021-02-23T05:26:14.392669+00:00] delete_user.ERROR: Echec de la suppression [] []
[2021-02-23T05:26:15.107653+00:00] delete_user.ERROR: Echec de la suppression [] []
[2021-02-23T05:26:16.623855+00:00] delete_user.ERROR: Echec de la suppression [] []
[2021-02-23T05:26:19.097711+00:00] create_user.ERROR: Erreur lors de l'enregistrement de l'utilisateur [] []
[2021-02-23T05:26:39.715923+00:00] create_user.INFO: Utilisateur bien enregistré [] []
[2021-02-23T05:26:43.706322+00:00] delete_user.ERROR: Echec de la suppression [] []
[2021-02-23T05:26:45.789685+00:00] delete_user.ERROR: Echec de la suppression [] []
[2021-02-23T05:26:50.588057+00:00] delete_user.ERROR: Echec de la suppression [] []
[2021-02-23T05:28:26.508318+00:00] delete_user.ERROR: Echec de la suppression [] []
[2021-02-23T05:28:28.524171+00:00] delete_user.ERROR: Echec de la suppression [] []
[2021-02-23T05:28:32.032771+00:00] delete_user.ERROR: Echec de la suppression [] []
[2021-02-23T05:28:33.670366+00:00] delete_user.ERROR: Echec de la suppression [] []
[2021-02-23T05:28:35.620947+00:00] delete_user.ERROR: Echec de la suppression [] []
[2021-02-23T05:44:09.666672+00:00] login_user.ERROR: Echec de la connexion utilisateur [] []
[2021-02-23T05:44:34.425903+00:00] login_user.ERROR: Echec de la connexion utilisateur [] []
[2021-02-23T05:44:57.643584+00:00] delete_user.ERROR: Echec de la suppression [] []
[2021-02-23T05:45:12.898474+00:00] login_user.INFO: Connexion utilisateur réussi [] []
[2021-02-23T05:45:18.015585+00:00] login_user.INFO: Connexion utilisateur réussi [] []
[2021-02-23T05:50:18.961418+00:00] delete_article.INFO: Supression réussie [] []
[2021-02-23T06:27:22.444444+00:00] create_user.ERROR: Erreur lors de l'enregistrement de l'utilisateur [] []
[2021-02-23T06:42:34.815910+00:00] create_user.ERROR: Erreur lors de l'enregistrement de l'utilisateur [] []
[2021-02-23T06:43:08.810373+00:00] create_user.INFO: Utilisateur bien enregistré [] []
[2021-02-23T06:56:37.596741+00:00] create_user.ERROR: Erreur lors de l'enregistrement de l'utilisateur [] []
[2021-02-23T06:56:40.631530+00:00] create_user.ERROR: Erreur lors de l'enregistrement de l'utilisateur [] []
[2021-02-23T07:04:04.756261+00:00] create_user.ERROR: Erreur lors de l'enregistrement de l'utilisateur [] []
[2021-02-23T07:04:07.500562+00:00] create_user.ERROR: Erreur lors de l'enregistrement de l'utilisateur [] []
[2021-02-23T07:06:16.998651+00:00] create_user.ERROR: Erreur lors de l'enregistrement de l'utilisateur [] []
[2021-02-23T07:08:30.079200+00:00] create_user.ERROR: Erreur lors de l'enregistrement de l'utilisateur [] []
[2021-02-23T07:08:31.172737+00:00] create_user.ERROR: Erreur lors de l'enregistrement de l'utilisateur [] []
[2021-02-23T07:10:27.932284+00:00] create_user.ERROR: Erreur lors de l'enregistrement de l'utilisateur [] []
[2021-02-23T07:11:48.018537+00:00] create_user.ERROR: Erreur lors de l'enregistrement de l'utilisateur [] []
[2021-02-23T07:19:22.426888+00:00] create_user.ERROR: Erreur lors de l'enregistrement de l'utilisateur [] []
[2021-02-23T07:19:56.786866+00:00] create_user.ERROR: Erreur lors de l'enregistrement de l'utilisateur [] []
[2021-02-23T07:24:10.169012+00:00] create_user.ERROR: Erreur lors de l'enregistrement de l'utilisateur [] []
[2021-02-23T08:50:49.848569+00:00] create_user.ERROR: Erreur lors de l'enregistrement de l'utilisateur [] []
[2021-02-23T08:52:19.748215+00:00] create_user.ERROR: Erreur lors de l'enregistrement de l'utilisateur [] []
[2021-02-23T08:52:21.147253+00:00] create_user.ERROR: Erreur lors de l'enregistrement de l'utilisateur [] []
[2021-02-23T09:00:35.703297+00:00] create_user.ERROR: Erreur lors de l'enregistrement de l'utilisateur [] []
[2021-02-23T09:01:03.498367+00:00] create_user.INFO: Utilisateur bien enregistré [] []
[2021-02-23T09:11:49.608177+00:00] create_user.INFO: Utilisateur bien enregistré [] []
[2021-02-23T09:12:18.936532+00:00] create_user.INFO: Utilisateur bien enregistré [] []
[2021-02-23T09:14:18.365050+00:00] create_user.ERROR: Erreur lors de l'enregistrement de l'utilisateur [] []
[2021-02-23T09:14:39.688842+00:00] create_user.INFO: Utilisateur bien enregistré [] []
[2021-02-23T09:27:14.210274+00:00] create_user.INFO: Utilisateur bien enregistré [] []
[2021-02-23T09:27:17.162999+00:00] create_user.INFO: Utilisateur bien enregistré [] []
[2021-02-23T09:28:14.274778+00:00] create_user.INFO: Utilisateur bien enregistré [] []
[2021-02-23T09:30:32.856133+00:00] create_user.INFO: Utilisateur bien enregistré [] []
[2021-02-23T09:32:08.581727+00:00] create_user.INFO: Utilisateur bien enregistré [] []
[2021-02-23T09:34:50.093976+00:00] create_user.ERROR: Erreur lors de l'enregistrement de l'utilisateur [] []
[2021-02-23T09:35:12.728494+00:00] create_user.INFO: Utilisateur bien enregistré [] []
[2021-02-23T09:37:08.485350+00:00] create_user.INFO: Utilisateur bien enregistré [] []
[2021-02-23T09:37:25.354379+00:00] create_user.INFO: Utilisateur bien enregistré [] []
[2021-02-23T11:01:19.992216+00:00] create_user.INFO: Utilisateur bien enregistré [] []
[2021-02-23T11:26:10.494829+00:00] create_user.INFO: Utilisateur bien enregistré [] []
[2021-02-23T11:28:47.649899+00:00] create_user.INFO: Utilisateur bien enregistré [] []
[2021-02-23T11:29:18.525582+00:00] create_user.INFO: Utilisateur bien enregistré [] []
